2024-06-24 09:27:38 [main] INFO  org.example.Main - Spouštím program
2024-06-24 09:27:43 [AWT-EventQueue-0] ERROR org.example.GameClient - Failed to connect to server
java.net.ConnectException: Connection refused: connect
	at java.base/sun.nio.ch.Net.connect0(Native Method)
	at java.base/sun.nio.ch.Net.connect(Net.java:589)
	at java.base/sun.nio.ch.Net.connect(Net.java:578)
	at java.base/sun.nio.ch.NioSocketImpl.connect(NioSocketImpl.java:583)
	at java.base/java.net.SocksSocketImpl.connect(SocksSocketImpl.java:327)
	at java.base/java.net.Socket.connect(Socket.java:752)
	at java.base/java.net.Socket.connect(Socket.java:687)
	at java.base/java.net.Socket.<init>(Socket.java:556)
	at java.base/java.net.Socket.<init>(Socket.java:325)
	at org.example.GameClient.<init>(GameClient.java:49)
	at org.example.gui.JoinServerFrame.setGame(JoinServerFrame.java:58)
	at org.example.gui.JoinServerFrame.lambda$new$0(JoinServerFrame.java:40)
	at java.desktop/javax.swing.AbstractButton.fireActionPerformed(AbstractButton.java:1972)
	at java.desktop/javax.swing.AbstractButton$Handler.actionPerformed(AbstractButton.java:2314)
	at java.desktop/javax.swing.DefaultButtonModel.fireActionPerformed(DefaultButtonModel.java:407)
	at java.desktop/javax.swing.DefaultButtonModel.setPressed(DefaultButtonModel.java:262)
	at java.desktop/javax.swing.plaf.basic.BasicButtonListener.mouseReleased(BasicButtonListener.java:279)
	at java.desktop/java.awt.Component.processMouseEvent(Component.java:6621)
	at java.desktop/javax.swing.JComponent.processMouseEvent(JComponent.java:3398)
	at java.desktop/java.awt.Component.processEvent(Component.java:6386)
	at java.desktop/java.awt.Container.processEvent(Container.java:2266)
	at java.desktop/java.awt.Component.dispatchEventImpl(Component.java:4996)
	at java.desktop/java.awt.Container.dispatchEventImpl(Container.java:2324)
	at java.desktop/java.awt.Component.dispatchEvent(Component.java:4828)
	at java.desktop/java.awt.LightweightDispatcher.retargetMouseEvent(Container.java:4948)
	at java.desktop/java.awt.LightweightDispatcher.processMouseEvent(Container.java:4575)
	at java.desktop/java.awt.LightweightDispatcher.dispatchEvent(Container.java:4516)
	at java.desktop/java.awt.Container.dispatchEventImpl(Container.java:2310)
	at java.desktop/java.awt.Window.dispatchEventImpl(Window.java:2780)
	at java.desktop/java.awt.Component.dispatchEvent(Component.java:4828)
	at java.desktop/java.awt.EventQueue.dispatchEventImpl(EventQueue.java:775)
	at java.desktop/java.awt.EventQueue$4.run(EventQueue.java:720)
	at java.desktop/java.awt.EventQueue$4.run(EventQueue.java:714)
	at java.base/java.security.AccessController.doPrivileged(AccessController.java:400)
	at java.base/java.security.ProtectionDomain$JavaSecurityAccessImpl.doIntersectionPrivilege(ProtectionDomain.java:87)
	at java.base/java.security.ProtectionDomain$JavaSecurityAccessImpl.doIntersectionPrivilege(ProtectionDomain.java:98)
	at java.desktop/java.awt.EventQueue$5.run(EventQueue.java:747)
	at java.desktop/java.awt.EventQueue$5.run(EventQueue.java:745)
	at java.base/java.security.AccessController.doPrivileged(AccessController.java:400)
	at java.base/java.security.ProtectionDomain$JavaSecurityAccessImpl.doIntersectionPrivilege(ProtectionDomain.java:87)
	at java.desktop/java.awt.EventQueue.dispatchEvent(EventQueue.java:744)
	at java.desktop/java.awt.EventDispatchThread.pumpOneEventForFilters(EventDispatchThread.java:203)
	at java.desktop/java.awt.EventDispatchThread.pumpEventsForFilter(EventDispatchThread.java:124)
	at java.desktop/java.awt.EventDispatchThread.pumpEventsForHierarchy(EventDispatchThread.java:113)
	at java.desktop/java.awt.EventDispatchThread.pumpEvents(EventDispatchThread.java:109)
	at java.desktop/java.awt.EventDispatchThread.pumpEvents(EventDispatchThread.java:101)
	at java.desktop/java.awt.EventDispatchThread.run(EventDispatchThread.java:90)
2024-06-24 09:28:36 [main] INFO  org.example.Main - Spouštím program
2024-06-24 09:29:29 [main] INFO  org.example.Main - Spouštím program
2024-06-24 09:29:33 [main] INFO  org.example.Main - Spouštím program
2024-06-24 09:34:27 [main] INFO  org.example.Main - Spouštím program
2024-06-24 09:34:32 [main] INFO  org.example.Main - Spouštím program
2024-06-24 09:36:30 [main] INFO  org.example.Main - Spouštím program
2024-06-24 09:36:40 [Thread-0] ERROR org.example.GameClient - Error reading server message
java.net.SocketException: Connection reset
	at java.base/sun.nio.ch.NioSocketImpl.implRead(NioSocketImpl.java:318)
	at java.base/sun.nio.ch.NioSocketImpl.read(NioSocketImpl.java:346)
	at java.base/sun.nio.ch.NioSocketImpl$1.read(NioSocketImpl.java:796)
	at java.base/java.net.Socket$SocketInputStream.implRead(Socket.java:1108)
	at java.base/java.net.Socket$SocketInputStream.read(Socket.java:1095)
	at java.base/sun.nio.cs.StreamDecoder.readBytes(StreamDecoder.java:350)
	at java.base/sun.nio.cs.StreamDecoder.implRead(StreamDecoder.java:393)
	at java.base/sun.nio.cs.StreamDecoder.lockedRead(StreamDecoder.java:217)
	at java.base/sun.nio.cs.StreamDecoder.read(StreamDecoder.java:171)
	at java.base/java.io.InputStreamReader.read(InputStreamReader.java:186)
	at java.base/java.io.BufferedReader.fill(BufferedReader.java:160)
	at java.base/java.io.BufferedReader.implReadLine(BufferedReader.java:370)
	at java.base/java.io.BufferedReader.readLine(BufferedReader.java:347)
	at java.base/java.io.BufferedReader.readLine(BufferedReader.java:436)
	at org.example.GameClient$ServerListener.run(GameClient.java:146)
	at java.base/java.lang.Thread.run(Thread.java:1570)
2024-06-24 09:36:49 [main] INFO  org.example.Main - Spouštím program
2024-06-24 09:36:52 [main] INFO  org.example.Main - Spouštím program
2024-06-24 09:38:34 [main] INFO  org.example.Main - Spouštím program
2024-06-24 09:38:37 [main] INFO  org.example.Main - Spouštím program
2024-06-24 09:39:50 [main] INFO  org.example.Main - Spouštím program
2024-06-24 09:39:54 [main] INFO  org.example.Main - Spouštím program
2024-06-24 09:42:11 [main] INFO  org.example.Main - Spouštím program
2024-06-24 09:42:14 [main] INFO  org.example.Main - Spouštím program
2024-06-24 09:42:20 [Thread-0] ERROR org.example.Game - com.fasterxml.jackson.databind.JsonMappingException: Unexpected end-of-input: expected close marker for Array (start marker at [Source: (String)"{"obstacles":[{"x":33,"y":2},{"x":19,"y":4},{"x":42,"y":16},{"x":24,"y":22},{"x":6,"y":18},{"x":14,"y":27},{"x":32,"y":13},{"x":35,"y":14},{"x":22,"y":22},{"x":27,"y":17},{"x":29,"y":6},{"x":22,"y":15},{"x":34,"y":7},{"x":27,"y":21},{"x":26,"y":17},{"x":25,"y":8},{"x":11,"y":6},{"x":17,"y":19},{"x":19,"y":27},{"x":14,"y":19},{"x":27,"y":27},{"x":2,"y":27},{"x":19,"y":17},{"x":18,"y":9},{"x":2,"y":14},{"x":9,"y":19},{"x":28,"y":24},{"x":30,"y":12},{"x":33,"y":19},{"x":41,"y":3},{"x":28,"y":15},{""[truncated 7687 chars]; line: 1, column: 6467])
 at [Source: (String)"{"obstacles":[{"x":33,"y":2},{"x":19,"y":4},{"x":42,"y":16},{"x":24,"y":22},{"x":6,"y":18},{"x":14,"y":27},{"x":32,"y":13},{"x":35,"y":14},{"x":22,"y":22},{"x":27,"y":17},{"x":29,"y":6},{"x":22,"y":15},{"x":34,"y":7},{"x":27,"y":21},{"x":26,"y":17},{"x":25,"y":8},{"x":11,"y":6},{"x":17,"y":19},{"x":19,"y":27},{"x":14,"y":19},{"x":27,"y":27},{"x":2,"y":27},{"x":19,"y":17},{"x":18,"y":9},{"x":2,"y":14},{"x":9,"y":19},{"x":28,"y":24},{"x":30,"y":12},{"x":33,"y":19},{"x":41,"y":3},{"x":28,"y":15},{""[truncated 7687 chars]; line: 1, column: 8188] (through reference chain: org.example.Game["snakes"]->java.util.ArrayList[1]->org.example.objects.Snake["x"]->int[][857])
2024-06-24 09:42:50 [main] INFO  org.example.Main - Spouštím program
2024-06-24 09:42:53 [main] INFO  org.example.Main - Spouštím program
2024-06-24 09:43:42 [main] INFO  org.example.Main - Spouštím program
2024-06-24 09:43:45 [main] INFO  org.example.Main - Spouštím program
2024-06-24 09:45:25 [main] INFO  org.example.Main - Spouštím program
2024-06-24 09:48:14 [main] INFO  org.example.Main - Spouštím program
2024-06-24 09:48:17 [main] INFO  org.example.Main - Spouštím program
2024-06-24 09:48:54 [main] INFO  org.example.Main - Spouštím program
2024-06-24 09:48:58 [main] INFO  org.example.Main - Spouštím program
2024-06-24 09:49:59 [main] INFO  org.example.Main - Spouštím program
2024-06-24 09:50:02 [main] INFO  org.example.Main - Spouštím program
2024-06-24 09:54:07 [main] INFO  org.example.Main - Spouštím program
2024-06-24 09:54:12 [main] INFO  org.example.Main - Spouštím program
2024-06-24 09:59:07 [main] INFO  org.example.Main - Spouštím program
2024-06-24 09:59:15 [main] INFO  org.example.Main - Spouštím program
2024-06-24 10:00:19 [main] INFO  org.example.Main - Spouštím program
2024-06-24 10:00:21 [main] INFO  org.example.Main - Spouštím program
2024-06-24 10:00:22 [AWT-EventQueue-0] INFO  org.example.Main - Otevírám nastavení hry
2024-06-24 10:03:18 [main] INFO  org.example.Main - Spouštím program
2024-06-24 10:03:22 [main] INFO  org.example.Main - Spouštím program
2024-06-24 10:03:57 [main] INFO  org.example.Main - Spouštím program
2024-06-24 10:04:00 [main] INFO  org.example.Main - Spouštím program
2024-06-24 10:05:56 [main] INFO  org.example.Main - Spouštím program
2024-06-24 10:06:00 [main] INFO  org.example.Main - Spouštím program
2024-06-24 10:11:29 [main] INFO  org.example.Main - Spouštím program
2024-06-24 10:11:32 [main] INFO  org.example.Main - Spouštím program
2024-06-24 10:12:08 [Thread-0] ERROR org.example.GameClient - Error reading server message
java.net.SocketException: Connection reset
	at java.base/sun.nio.ch.NioSocketImpl.implRead(NioSocketImpl.java:318)
	at java.base/sun.nio.ch.NioSocketImpl.read(NioSocketImpl.java:346)
	at java.base/sun.nio.ch.NioSocketImpl$1.read(NioSocketImpl.java:796)
	at java.base/java.net.Socket$SocketInputStream.implRead(Socket.java:1108)
	at java.base/java.net.Socket$SocketInputStream.read(Socket.java:1095)
	at java.base/sun.nio.cs.StreamDecoder.readBytes(StreamDecoder.java:350)
	at java.base/sun.nio.cs.StreamDecoder.implRead(StreamDecoder.java:393)
	at java.base/sun.nio.cs.StreamDecoder.lockedRead(StreamDecoder.java:217)
	at java.base/sun.nio.cs.StreamDecoder.read(StreamDecoder.java:171)
	at java.base/java.io.InputStreamReader.read(InputStreamReader.java:186)
	at java.base/java.io.BufferedReader.fill(BufferedReader.java:160)
	at java.base/java.io.BufferedReader.implReadLine(BufferedReader.java:370)
	at java.base/java.io.BufferedReader.readLine(BufferedReader.java:347)
	at java.base/java.io.BufferedReader.readLine(BufferedReader.java:436)
	at org.example.GameClient$ServerListener.run(GameClient.java:143)
	at java.base/java.lang.Thread.run(Thread.java:1570)
2024-06-24 10:12:08 [Thread-0] ERROR org.example.GameClient - Error reading server message
java.net.SocketException: Connection reset
	at java.base/sun.nio.ch.NioSocketImpl.implRead(NioSocketImpl.java:318)
	at java.base/sun.nio.ch.NioSocketImpl.read(NioSocketImpl.java:346)
	at java.base/sun.nio.ch.NioSocketImpl$1.read(NioSocketImpl.java:796)
	at java.base/java.net.Socket$SocketInputStream.implRead(Socket.java:1108)
	at java.base/java.net.Socket$SocketInputStream.read(Socket.java:1095)
	at java.base/sun.nio.cs.StreamDecoder.readBytes(StreamDecoder.java:350)
	at java.base/sun.nio.cs.StreamDecoder.implRead(StreamDecoder.java:393)
	at java.base/sun.nio.cs.StreamDecoder.lockedRead(StreamDecoder.java:217)
	at java.base/sun.nio.cs.StreamDecoder.read(StreamDecoder.java:171)
	at java.base/java.io.InputStreamReader.read(InputStreamReader.java:186)
	at java.base/java.io.BufferedReader.fill(BufferedReader.java:160)
	at java.base/java.io.BufferedReader.implReadLine(BufferedReader.java:370)
	at java.base/java.io.BufferedReader.readLine(BufferedReader.java:347)
	at java.base/java.io.BufferedReader.readLine(BufferedReader.java:436)
	at org.example.GameClient$ServerListener.run(GameClient.java:143)
	at java.base/java.lang.Thread.run(Thread.java:1570)
2024-06-24 10:12:13 [main] INFO  org.example.Main - Spouštím program
2024-06-24 10:12:18 [main] INFO  org.example.Main - Spouštím program
2024-06-24 10:15:16 [main] INFO  org.example.Main - Spouštím program
2024-06-24 10:15:18 [main] INFO  org.example.Main - Spouštím program
2024-06-24 10:20:18 [main] INFO  org.example.Main - Spouštím program
2024-06-24 10:20:19 [AWT-EventQueue-0] INFO  org.example.Main - Otevírám nastavení hry
2024-06-24 10:20:20 [AWT-EventQueue-0] INFO  org.example.Main - Spouštím hru...
2024-06-24 10:20:41 [main] INFO  org.example.Main - Spouštím program
2024-06-24 10:22:53 [main] INFO  org.example.Main - Spouštím program
2024-06-24 10:22:57 [main] INFO  org.example.Main - Spouštím program
2024-06-24 10:27:03 [main] INFO  org.example.Main - Spouštím program
2024-06-24 10:27:07 [main] INFO  org.example.Main - Spouštím program
2024-06-24 10:37:42 [main] INFO  org.example.Main - Spouštím program
2024-06-24 10:37:44 [main] INFO  org.example.Main - Spouštím program
2024-06-24 10:38:46 [main] INFO  org.example.Main - Spouštím program
2024-06-24 10:44:39 [main] INFO  org.example.Main - Spouštím program
2024-06-24 10:44:46 [main] INFO  org.example.Main - Spouštím program
2024-06-24 10:45:52 [main] INFO  org.example.Main - Spouštím program
2024-06-24 10:45:55 [main] INFO  org.example.Main - Spouštím program
2024-06-24 10:47:20 [main] INFO  org.example.Main - Spouštím program
2024-06-24 10:47:28 [main] INFO  org.example.Main - Spouštím program
2024-06-24 10:47:31 [main] INFO  org.example.Main - Spouštím program
2024-06-24 10:48:45 [main] INFO  org.example.Main - Spouštím program
2024-06-24 10:48:51 [main] INFO  org.example.Main - Spouštím program
2024-06-24 10:49:04 [main] INFO  org.example.Main - Spouštím program
